<?xml version="1.0" encoding="UTF-8"?>
<testng-results skipped="0" failed="0" ignored="0" total="1" passed="1">
  <reporter-output>
  </reporter-output>
  <suite name="Default suite" duration-ms="4419" started-at="2022-04-20T17:33:37 IST" finished-at="2022-04-20T17:33:42 IST">
    <groups>
    </groups>
    <test name="Default test" duration-ms="4419" started-at="2022-04-20T17:33:37 IST" finished-at="2022-04-20T17:33:42 IST">
      <class name="sampleRestAssured.AuthenticationAPIExample">
        <test-method status="PASS" signature="queryParam()[pri:0, instance:sampleRestAssured.AuthenticationAPIExample@7b69c6ba]" name="queryParam" duration-ms="4369" started-at="2022-04-20T17:33:37 IST" finished-at="2022-04-20T17:33:42 IST">
          <reporter-output>
          </reporter-output>
        </test-method> <!-- queryParam -->
      </class> <!-- sampleRestAssured.AuthenticationAPIExample -->
    </test> <!-- Default test -->
  </suite> <!-- Default suite -->
</testng-results>
