<?xml version="1.0" encoding="UTF-8"?>
<testng-results skipped="0" failed="0" ignored="0" total="1" passed="1">
  <reporter-output>
  </reporter-output>
  <suite name="Default suite" duration-ms="3577" started-at="2022-04-19T18:14:23 IST" finished-at="2022-04-19T18:14:26 IST">
    <groups>
    </groups>
    <test name="Default test" duration-ms="3577" started-at="2022-04-19T18:14:23 IST" finished-at="2022-04-19T18:14:26 IST">
      <class name="sampleRestAssured.AuthenticationAPIExample">
        <test-method status="PASS" signature="bearerTokenAuthentication()[pri:0, instance:sampleRestAssured.AuthenticationAPIExample@27f723]" name="bearerTokenAuthentication" duration-ms="3511" started-at="2022-04-19T18:14:23 IST" finished-at="2022-04-19T18:14:26 IST">
          <reporter-output>
          </reporter-output>
        </test-method> <!-- bearerTokenAuthentication -->
      </class> <!-- sampleRestAssured.AuthenticationAPIExample -->
    </test> <!-- Default test -->
  </suite> <!-- Default suite -->
</testng-results>
